<?xml version="1.0" encoding="UTF-8"?>
<!-- Generated by org.testng.reporters.JUnitXMLReporter -->
<testsuite hostname="ATMECSINDT-046" ignored="0" name="Default test" tests="2" failures="0" timestamp="15 Nov 2019 06:08:21 GMT" time="37.09" errors="0">
  <testcase name="addingPdtsToCart" time="21.355" classname="com.atmecs.automation.testscripts.PurchasingProduct"/>
  <testcase name="verifyCart" time="11.706" classname="com.atmecs.automation.testscripts.PurchasingProduct"/>
</testsuite> <!-- Default test -->
