<?xml version="1.0" encoding="UTF-8"?>
<!-- Generated by org.testng.reporters.JUnitXMLReporter -->
<testsuite hostname="ATMECSINDT-046" ignored="0" name="NinjaShopping-Test" tests="2" failures="0" timestamp="13 Nov 2019 06:17:21 GMT" time="15.984" errors="0">
  <testcase name="addingPdtsToCart" time="4.258" classname="com.atmecs.automation.testscripts.PurchasingProduct"/>
  <testcase name="verifyCart" time="3.304" classname="com.atmecs.automation.testscripts.PurchasingProduct"/>
</testsuite> <!-- NinjaShopping-Test -->
