<?xml version="1.0" encoding="UTF-8"?>
<testng-results skipped="0" failed="0" ignored="0" total="2" passed="2">
  <reporter-output>
  </reporter-output>
  <suite name="Default suite" duration-ms="37090" started-at="2019-11-15T06:07:44Z" finished-at="2019-11-15T06:08:21Z">
    <groups>
    </groups>
    <test name="Default test" duration-ms="37090" started-at="2019-11-15T06:07:44Z" finished-at="2019-11-15T06:08:21Z">
      <class name="com.atmecs.automation.testscripts.PurchasingProduct">
        <test-method status="PASS" signature="initializeBrowser()[pri:0, instance:com.atmecs.automation.testscripts.PurchasingProduct@5ae63ade]" name="initializeBrowser" is-config="true" duration-ms="3995" started-at="2019-11-15T06:07:44Z" finished-at="2019-11-15T06:07:48Z">
          <reporter-output>
          </reporter-output>
        </test-method> <!-- initializeBrowser -->
        <test-method status="PASS" signature="addingPdtsToCart()[pri:0, instance:com.atmecs.automation.testscripts.PurchasingProduct@5ae63ade]" name="addingPdtsToCart" duration-ms="21355" started-at="2019-11-15T06:07:48Z" finished-at="2019-11-15T06:08:09Z">
          <reporter-output>
          </reporter-output>
        </test-method> <!-- addingPdtsToCart -->
        <test-method status="PASS" signature="verifyCart()[pri:0, instance:com.atmecs.automation.testscripts.PurchasingProduct@5ae63ade]" name="verifyCart" duration-ms="11706" started-at="2019-11-15T06:08:09Z" finished-at="2019-11-15T06:08:21Z">
          <reporter-output>
          </reporter-output>
        </test-method> <!-- verifyCart -->
      </class> <!-- com.atmecs.automation.testscripts.PurchasingProduct -->
    </test> <!-- Default test -->
  </suite> <!-- Default suite -->
</testng-results>
